<?xml version="1.0" encoding="UTF-8"?>
<testng-results ignored="0" total="1" passed="1" failed="0" skipped="0">
  <reporter-output>
  </reporter-output>
  <suite started-at="2024-11-01T16:41:36 IST" name="Suite" finished-at="2024-11-01T16:41:53 IST" duration-ms="16775">
    <groups>
    </groups>
    <test started-at="2024-11-01T16:41:36 IST" name="Test" finished-at="2024-11-01T16:41:53 IST" duration-ms="16775">
      <class name="Flights_Inter_Assignment_PS4.Flights_Inter_Assignment_PS4.flightSearch">
        <test-method is-config="true" signature="initializeBrowserAndNavigateToWebsite()[pri:0, instance:Flights_Inter_Assignment_PS4.Flights_Inter_Assignment_PS4.flightSearch@2c767a52]" started-at="2024-11-01T16:41:37 IST" name="initializeBrowserAndNavigateToWebsite" finished-at="2024-11-01T16:41:43 IST" duration-ms="6190" status="PASS">
          <reporter-output>
          </reporter-output>
        </test-method> <!-- initializeBrowserAndNavigateToWebsite -->
        <test-method signature="performRoundTripFlightSearch()[pri:0, instance:Flights_Inter_Assignment_PS4.Flights_Inter_Assignment_PS4.flightSearch@2c767a52]" started-at="2024-11-01T16:41:43 IST" name="performRoundTripFlightSearch" finished-at="2024-11-01T16:41:52 IST" duration-ms="9595" status="PASS">
          <reporter-output>
          </reporter-output>
        </test-method> <!-- performRoundTripFlightSearch -->
        <test-method is-config="true" signature="closeBrowserAfterTest()[pri:0, instance:Flights_Inter_Assignment_PS4.Flights_Inter_Assignment_PS4.flightSearch@2c767a52]" started-at="2024-11-01T16:41:52 IST" name="closeBrowserAfterTest" finished-at="2024-11-01T16:41:53 IST" duration-ms="929" status="PASS">
          <reporter-output>
          </reporter-output>
        </test-method> <!-- closeBrowserAfterTest -->
      </class> <!-- Flights_Inter_Assignment_PS4.Flights_Inter_Assignment_PS4.flightSearch -->
    </test> <!-- Test -->
  </suite> <!-- Suite -->
</testng-results>
