<?xml version="1.0" encoding="UTF-8"?>
<testng-results ignored="0" total="1" passed="1" failed="0" skipped="0">
  <reporter-output>
  </reporter-output>
  <suite started-at="2024-11-01T16:15:42 IST" name="Default suite" finished-at="2024-11-01T16:15:58 IST" duration-ms="15673">
    <groups>
    </groups>
    <test started-at="2024-11-01T16:15:42 IST" name="Default test" finished-at="2024-11-01T16:15:58 IST" duration-ms="15673">
      <class name="Flights_Inter_Assignment_PS4.Flights_Inter_Assignment_PS4.flightSearch">
        <test-method is-config="true" signature="initializeBrowserAndNavigateToWebsite()[pri:0, instance:Flights_Inter_Assignment_PS4.Flights_Inter_Assignment_PS4.flightSearch@52719fb6]" started-at="2024-11-01T16:15:42 IST" name="initializeBrowserAndNavigateToWebsite" finished-at="2024-11-01T16:15:48 IST" duration-ms="5347" status="PASS">
          <reporter-output>
          </reporter-output>
        </test-method> <!-- initializeBrowserAndNavigateToWebsite -->
        <test-method signature="performRoundTripFlightSearch()[pri:0, instance:Flights_Inter_Assignment_PS4.Flights_Inter_Assignment_PS4.flightSearch@52719fb6]" started-at="2024-11-01T16:15:48 IST" name="performRoundTripFlightSearch" finished-at="2024-11-01T16:15:57 IST" duration-ms="9490" status="PASS">
          <reporter-output>
          </reporter-output>
        </test-method> <!-- performRoundTripFlightSearch -->
        <test-method is-config="true" signature="closeBrowserAfterTest()[pri:0, instance:Flights_Inter_Assignment_PS4.Flights_Inter_Assignment_PS4.flightSearch@52719fb6]" started-at="2024-11-01T16:15:57 IST" name="closeBrowserAfterTest" finished-at="2024-11-01T16:15:58 IST" duration-ms="758" status="PASS">
          <reporter-output>
          </reporter-output>
        </test-method> <!-- closeBrowserAfterTest -->
      </class> <!-- Flights_Inter_Assignment_PS4.Flights_Inter_Assignment_PS4.flightSearch -->
    </test> <!-- Default test -->
  </suite> <!-- Default suite -->
</testng-results>
