<?xml version="1.0" encoding="UTF-8"?>
<testng-results ignored="0" total="1" passed="1" failed="0" skipped="0">
  <reporter-output>
  </reporter-output>
  <suite started-at="2024-11-01T15:56:48 IST" name="Default suite" finished-at="2024-11-01T15:57:06 IST" duration-ms="17618">
    <groups>
    </groups>
    <test started-at="2024-11-01T15:56:48 IST" name="Default test" finished-at="2024-11-01T15:57:06 IST" duration-ms="17618">
      <class name="flightsSearch.MakeMyTripFlightSearch">
        <test-method is-config="true" signature="initializeBrowserAndNavigateToWebsite()[pri:0, instance:flightsSearch.MakeMyTripFlightSearch@6221a451]" started-at="2024-11-01T15:56:48 IST" name="initializeBrowserAndNavigateToWebsite" finished-at="2024-11-01T15:56:56 IST" duration-ms="7870" status="PASS">
          <reporter-output>
          </reporter-output>
        </test-method> <!-- initializeBrowserAndNavigateToWebsite -->
        <test-method signature="performRoundTripFlightSearch()[pri:0, instance:flightsSearch.MakeMyTripFlightSearch@6221a451]" started-at="2024-11-01T15:56:56 IST" name="performRoundTripFlightSearch" finished-at="2024-11-01T15:57:06 IST" duration-ms="9264" status="PASS">
          <reporter-output>
          </reporter-output>
        </test-method> <!-- performRoundTripFlightSearch -->
        <test-method is-config="true" signature="closeBrowserAfterTest()[pri:0, instance:flightsSearch.MakeMyTripFlightSearch@6221a451]" started-at="2024-11-01T15:57:06 IST" name="closeBrowserAfterTest" finished-at="2024-11-01T15:57:06 IST" duration-ms="434" status="PASS">
          <reporter-output>
          </reporter-output>
        </test-method> <!-- closeBrowserAfterTest -->
      </class> <!-- flightsSearch.MakeMyTripFlightSearch -->
    </test> <!-- Default test -->
  </suite> <!-- Default suite -->
</testng-results>
